c:\workspace\server\server\x64\debug\vc143.pdb
c:\workspace\server\server\x64\debug\vc143.idb
c:\workspace\server\server\x64\debug\spawn.obj
c:\workspace\server\server\x64\debug\sheepmanager.obj
c:\workspace\server\server\x64\debug\protocol.obj
c:\workspace\server\server\x64\debug\playerobject.obj
c:\workspace\server\server\x64\debug\move.obj
c:\workspace\server\server\x64\debug\manager.obj
c:\workspace\server\server\x64\debug\itemmanager.obj
c:\workspace\server\server\x64\debug\iocpserver.obj
c:\workspace\server\server\x64\debug\goldminemanager.obj
c:\workspace\server\server\x64\debug\getitem.obj
c:\workspace\server\server\x64\debug\gamestart.obj
c:\workspace\server\server\x64\debug\gameready.obj
c:\workspace\server\server\x64\debug\gameend.obj
c:\workspace\server\server\x64\debug\characterselect.obj
c:\workspace\server\server\x64\debug\castlemanager.obj
c:\workspace\server\server\x64\debug\attack.obj
c:\workspace\server\server\x64\debug\actor.obj
c:\workspace\server\server\x64\debug\bombmanager.obj
c:\workspace\server\x64\debug\server.exe
c:\workspace\server\server\x64\debug\server.ilk
c:\workspace\server\x64\debug\server.pdb
c:\workspace\server\server\x64\debug\gamestart.obj.enc
c:\workspace\server\server\x64\debug\server.tlog\cl.command.1.tlog
c:\workspace\server\server\x64\debug\server.tlog\cl.items.tlog
c:\workspace\server\server\x64\debug\server.tlog\cl.read.1.tlog
c:\workspace\server\server\x64\debug\server.tlog\cl.write.1.tlog
c:\workspace\server\server\x64\debug\server.tlog\link.command.1.tlog
c:\workspace\server\server\x64\debug\server.tlog\link.read.1.tlog
c:\workspace\server\server\x64\debug\server.tlog\link.write.1.tlog
